<?xml version="1.0" encoding="UTF-8"?>
<!-- Generated by org.testng.reporters.JUnitXMLReporter -->
<testsuite ignored="1" hostname="LAPTOP-4RFDFFSE" failures="0" tests="1" name="Test" time="10.376" errors="0" timestamp="2025-05-28T15:08:27 IST">
  <testcase classname="testScript.ManageCategoryTest" name="verifySearchCategory" time="4.402"/>
  <testcase classname="testScript.ManageCategoryTest" name="verifyAddCategory" time="0.0">
    <ignored/>
  </testcase> <!-- verifyAddCategory -->
</testsuite> <!-- Test -->
