<?xml version="1.0" encoding="UTF-8"?>
<!-- Generated by org.testng.reporters.JUnitXMLReporter -->
<testsuite ignored="1" hostname="LAPTOP-4RFDFFSE" failures="0" tests="1" name="Test" time="8.911" errors="0" timestamp="2025-05-28T23:38:22 IST">
  <testcase classname="testScript.ManageCategoryTest" name="verifyAddCategory" time="5.532"/>
  <testcase classname="testScript.ManageCategoryTest" name="verifySearchCategory" time="0.0">
    <ignored/>
  </testcase> <!-- verifySearchCategory -->
</testsuite> <!-- Test -->
