<?xml version="1.0" encoding="UTF-8"?>
<!-- Generated by org.testng.reporters.JUnitXMLReporter -->
<testsuite ignored="1" hostname="LAPTOP-4RFDFFSE" failures="0" tests="1" name="Default test" time="5.339" errors="0" timestamp="2025-05-22T11:34:23 IST">
  <testcase classname="testScript.ManageCategoryTest" name="verifySearchCategory" time="2.365"/>
  <testcase classname="testScript.ManageCategoryTest" name="verifyAddCategory" time="0.0">
    <ignored/>
  </testcase> <!-- verifyAddCategory -->
</testsuite> <!-- Default test -->
