<?xml version="1.0" encoding="UTF-8"?>
<testng-results ignored="0" total="1" passed="1" failed="0" skipped="0">
  <reporter-output>
  </reporter-output>
  <suite started-at="2025-05-28T15:08:15 IST" name="Suite" finished-at="2025-05-28T15:08:26 IST" duration-ms="10376">
    <groups>
    </groups>
    <test started-at="2025-05-28T15:08:15 IST" name="Test" finished-at="2025-05-28T15:08:26 IST" duration-ms="10376">
      <class name="testScript.ManageCategoryTest">
        <test-method is-config="true" signature="initializebrowser(java.lang.String)[pri:0, instance:testScript.ManageCategoryTest@74f5ce22]" started-at="2025-05-28T15:08:15 IST" name="initializebrowser" finished-at="2025-05-28T15:08:21 IST" duration-ms="5193" status="PASS">
          <params>
            <param index="0">
              <value>
                <![CDATA[chrome]]>
              </value>
            </param>
          </params>
          <reporter-output>
          </reporter-output>
        </test-method> <!-- initializebrowser -->
        <test-method signature="verifySearchCategory()[pri:0, instance:testScript.ManageCategoryTest@74f5ce22]" started-at="2025-05-28T15:08:21 IST" name="verifySearchCategory" description="Verifying User able to search an existing category" finished-at="2025-05-28T15:08:25 IST" duration-ms="4402" status="PASS">
          <reporter-output>
          </reporter-output>
        </test-method> <!-- verifySearchCategory -->
        <test-method is-config="true" signature="driverQuit(org.testng.ITestResult)[pri:0, instance:testScript.ManageCategoryTest@74f5ce22]" started-at="2025-05-28T15:08:25 IST" name="driverQuit" finished-at="2025-05-28T15:08:26 IST" duration-ms="706" status="PASS">
          <params>
            <param index="0">
              <value>
                <![CDATA[[TestResult name=verifySearchCategory status=SUCCESS method=ManageCategoryTest.verifySearchCategory()[pri:0, instance:testScript.ManageCategoryTest@74f5ce22] output={null}]]]>
              </value>
            </param>
          </params>
          <reporter-output>
          </reporter-output>
        </test-method> <!-- driverQuit -->
      </class> <!-- testScript.ManageCategoryTest -->
    </test> <!-- Test -->
  </suite> <!-- Suite -->
</testng-results>
