<?xml version="1.0" encoding="UTF-8"?>
<testng-results ignored="0" total="1" passed="1" failed="0" skipped="0">
  <reporter-output>
  </reporter-output>
  <suite started-at="2025-05-28T23:38:12 IST" name="Suite" finished-at="2025-05-28T23:38:21 IST" duration-ms="8911">
    <groups>
    </groups>
    <test started-at="2025-05-28T23:38:12 IST" name="Test" finished-at="2025-05-28T23:38:21 IST" duration-ms="8911">
      <class name="testScript.ManageCategoryTest">
        <test-method is-config="true" signature="initializebrowser(java.lang.String)[pri:0, instance:testScript.ManageCategoryTest@74f5ce22]" started-at="2025-05-28T23:38:12 IST" name="initializebrowser" finished-at="2025-05-28T23:38:15 IST" duration-ms="2905" status="PASS">
          <params>
            <param index="0">
              <value>
                <![CDATA[chrome]]>
              </value>
            </param>
          </params>
          <reporter-output>
          </reporter-output>
        </test-method> <!-- initializebrowser -->
        <test-method signature="verifyAddCategory()[pri:0, instance:testScript.ManageCategoryTest@74f5ce22]" started-at="2025-05-28T23:38:15 IST" name="verifyAddCategory" description="Verifying user able to add new Category " finished-at="2025-05-28T23:38:21 IST" duration-ms="5532" status="PASS">
          <reporter-output>
          </reporter-output>
        </test-method> <!-- verifyAddCategory -->
        <test-method is-config="true" signature="driverQuit(org.testng.ITestResult)[pri:0, instance:testScript.ManageCategoryTest@74f5ce22]" started-at="2025-05-28T23:38:21 IST" name="driverQuit" finished-at="2025-05-28T23:38:21 IST" duration-ms="414" status="PASS">
          <params>
            <param index="0">
              <value>
                <![CDATA[[TestResult name=verifyAddCategory status=SUCCESS method=ManageCategoryTest.verifyAddCategory()[pri:0, instance:testScript.ManageCategoryTest@74f5ce22] output={null}]]]>
              </value>
            </param>
          </params>
          <reporter-output>
          </reporter-output>
        </test-method> <!-- driverQuit -->
      </class> <!-- testScript.ManageCategoryTest -->
    </test> <!-- Test -->
  </suite> <!-- Suite -->
</testng-results>
